<?xml version="1.0" encoding="UTF-8"?>
<coverage generated="1751231946158" clover="3.2.0">
  <project timestamp="1751231946158" name="All files">
    <metrics statements="220" coveredstatements="11" conditionals="67" coveredconditionals="2" methods="30" coveredmethods="3" elements="317" coveredelements="16" complexity="0" loc="220" ncloc="220" packages="4" files="9" classes="9"/>
    <package name="routes">
      <metrics statements="94" coveredstatements="0" conditionals="22" coveredconditionals="0" methods="9" coveredmethods="0"/>
      <file name="adminRoutes.js" path="C:\Users\User_Admin\source\repos\hekacms\hekacms\AICMSChat\server\routes\adminRoutes.js">
        <metrics statements="7" coveredstatements="0" conditionals="0" coveredconditionals="0" methods="1" coveredmethods="0"/>
        <line num="1" count="0" type="stmt"/>
        <line num="2" count="0" type="stmt"/>
        <line num="3" count="0" type="stmt"/>
        <line num="5" count="0" type="stmt"/>
        <line num="8" count="0" type="stmt"/>
        <line num="9" count="0" type="stmt"/>
        <line num="12" count="0" type="stmt"/>
      </file>
      <file name="authRoutes.js" path="C:\Users\User_Admin\source\repos\hekacms\hekacms\AICMSChat\server\routes\authRoutes.js">
        <metrics statements="80" coveredstatements="0" conditionals="22" coveredconditionals="0" methods="6" coveredmethods="0"/>
        <line num="1" count="0" type="stmt"/>
        <line num="2" count="0" type="stmt"/>
        <line num="3" count="0" type="stmt"/>
        <line num="4" count="0" type="stmt"/>
        <line num="5" count="0" type="stmt"/>
        <line num="6" count="0" type="stmt"/>
        <line num="8" count="0" type="stmt"/>
        <line num="10" count="0" type="stmt"/>
        <line num="11" count="0" type="stmt"/>
        <line num="12" count="0" type="stmt"/>
        <line num="14" count="0" type="stmt"/>
        <line num="16" count="0" type="cond" truecount="0" falsecount="4"/>
        <line num="17" count="0" type="stmt"/>
        <line num="18" count="0" type="stmt"/>
        <line num="21" count="0" type="stmt"/>
        <line num="22" count="0" type="stmt"/>
        <line num="24" count="0" type="cond" truecount="0" falsecount="2"/>
        <line num="25" count="0" type="stmt"/>
        <line num="26" count="0" type="stmt"/>
        <line num="28" count="0" type="stmt"/>
        <line num="29" count="0" type="stmt"/>
        <line num="31" count="0" type="stmt"/>
        <line num="32" count="0" type="stmt"/>
        <line num="38" count="0" type="stmt"/>
        <line num="39" count="0" type="stmt"/>
        <line num="42" count="0" type="stmt"/>
        <line num="43" count="0" type="stmt"/>
        <line num="47" count="0" type="stmt"/>
        <line num="48" count="0" type="cond" truecount="0" falsecount="2"/>
        <line num="49" count="0" type="stmt"/>
        <line num="52" count="0" type="stmt"/>
        <line num="54" count="0" type="stmt"/>
        <line num="55" count="0" type="stmt"/>
        <line num="57" count="0" type="cond" truecount="0" falsecount="4"/>
        <line num="58" count="0" type="stmt"/>
        <line num="59" count="0" type="stmt"/>
        <line num="62" count="0" type="stmt"/>
        <line num="63" count="0" type="stmt"/>
        <line num="64" count="0" type="stmt"/>
        <line num="66" count="0" type="stmt"/>
        <line num="67" count="0" type="stmt"/>
        <line num="71" count="0" type="stmt"/>
        <line num="72" count="0" type="stmt"/>
        <line num="74" count="0" type="stmt"/>
        <line num="75" count="0" type="stmt"/>
        <line num="76" count="0" type="cond" truecount="0" falsecount="2"/>
        <line num="77" count="0" type="stmt"/>
        <line num="78" count="0" type="stmt"/>
        <line num="79" count="0" type="stmt"/>
        <line num="82" count="0" type="stmt"/>
        <line num="84" count="0" type="stmt"/>
        <line num="85" count="0" type="stmt"/>
        <line num="89" count="0" type="stmt"/>
        <line num="90" count="0" type="stmt"/>
        <line num="92" count="0" type="cond" truecount="0" falsecount="2"/>
        <line num="93" count="0" type="stmt"/>
        <line num="99" count="0" type="stmt"/>
        <line num="101" count="0" type="stmt"/>
        <line num="104" count="0" type="stmt"/>
        <line num="106" count="0" type="cond" truecount="0" falsecount="2"/>
        <line num="107" count="0" type="stmt"/>
        <line num="113" count="0" type="cond" truecount="0" falsecount="2"/>
        <line num="114" count="0" type="stmt"/>
        <line num="121" count="0" type="stmt"/>
        <line num="122" count="0" type="stmt"/>
        <line num="125" count="0" type="stmt"/>
        <line num="126" count="0" type="stmt"/>
        <line num="128" count="0" type="stmt"/>
        <line num="131" count="0" type="stmt"/>
        <line num="140" count="0" type="stmt"/>
        <line num="142" count="0" type="cond" truecount="0" falsecount="2"/>
        <line num="143" count="0" type="stmt"/>
        <line num="149" count="0" type="stmt"/>
        <line num="156" count="0" type="stmt"/>
        <line num="157" count="0" type="stmt"/>
        <line num="158" count="0" type="stmt"/>
        <line num="159" count="0" type="stmt"/>
        <line num="161" count="0" type="stmt"/>
        <line num="162" count="0" type="stmt"/>
        <line num="166" count="0" type="stmt"/>
      </file>
      <file name="index.js" path="C:\Users\User_Admin\source\repos\hekacms\hekacms\AICMSChat\server\routes\index.js">
        <metrics statements="7" coveredstatements="0" conditionals="0" coveredconditionals="0" methods="2" coveredmethods="0"/>
        <line num="1" count="0" type="stmt"/>
        <line num="2" count="0" type="stmt"/>
        <line num="5" count="0" type="stmt"/>
        <line num="6" count="0" type="stmt"/>
        <line num="9" count="0" type="stmt"/>
        <line num="10" count="0" type="stmt"/>
        <line num="13" count="0" type="stmt"/>
      </file>
    </package>
    <package name="routes.middleware">
      <metrics statements="21" coveredstatements="0" conditionals="8" coveredconditionals="0" methods="3" coveredmethods="0"/>
      <file name="auth.js" path="C:\Users\User_Admin\source\repos\hekacms\hekacms\AICMSChat\server\routes\middleware\auth.js">
        <metrics statements="14" coveredstatements="0" conditionals="4" coveredconditionals="0" methods="1" coveredmethods="0"/>
        <line num="1" count="0" type="stmt"/>
        <line num="2" count="0" type="stmt"/>
        <line num="4" count="0" type="stmt"/>
        <line num="5" count="0" type="stmt"/>
        <line num="6" count="0" type="cond" truecount="0" falsecount="2"/>
        <line num="8" count="0" type="stmt"/>
        <line num="9" count="0" type="stmt"/>
        <line num="10" count="0" type="stmt"/>
        <line num="11" count="0" type="cond" truecount="0" falsecount="2"/>
        <line num="12" count="0" type="stmt"/>
        <line num="14" count="0" type="stmt"/>
        <line num="16" count="0" type="stmt"/>
        <line num="18" count="0" type="stmt"/>
        <line num="22" count="0" type="stmt"/>
      </file>
      <file name="role.js" path="C:\Users\User_Admin\source\repos\hekacms\hekacms\AICMSChat\server\routes\middleware\role.js">
        <metrics statements="7" coveredstatements="0" conditionals="4" coveredconditionals="0" methods="2" coveredmethods="0"/>
        <line num="1" count="0" type="stmt"/>
        <line num="2" count="0" type="cond" truecount="0" falsecount="2"/>
        <line num="3" count="0" type="stmt"/>
        <line num="6" count="0" type="cond" truecount="0" falsecount="2"/>
        <line num="7" count="0" type="stmt"/>
        <line num="9" count="0" type="stmt"/>
        <line num="12" count="0" type="stmt"/>
      </file>
    </package>
    <package name="services">
      <metrics statements="84" coveredstatements="0" conditionals="31" coveredconditionals="0" methods="13" coveredmethods="0"/>
      <file name="llmService.js" path="C:\Users\User_Admin\source\repos\hekacms\hekacms\AICMSChat\server\services\llmService.js">
        <metrics statements="31" coveredstatements="0" conditionals="7" coveredconditionals="0" methods="5" coveredmethods="0"/>
        <line num="1" count="0" type="stmt"/>
        <line num="2" count="0" type="stmt"/>
        <line num="3" count="0" type="stmt"/>
        <line num="4" count="0" type="stmt"/>
        <line num="6" count="0" type="stmt"/>
        <line num="8" count="0" type="stmt"/>
        <line num="12" count="0" type="stmt"/>
        <line num="16" count="0" type="stmt"/>
        <line num="17" count="0" type="stmt"/>
        <line num="20" count="0" type="stmt"/>
        <line num="24" count="0" type="stmt"/>
        <line num="25" count="0" type="stmt"/>
        <line num="26" count="0" type="stmt"/>
        <line num="31" count="0" type="stmt"/>
        <line num="33" count="0" type="stmt"/>
        <line num="34" count="0" type="cond" truecount="0" falsecount="2"/>
        <line num="35" count="0" type="stmt"/>
        <line num="41" count="0" type="stmt"/>
        <line num="42" count="0" type="stmt"/>
        <line num="43" count="0" type="stmt"/>
        <line num="44" count="0" type="stmt"/>
        <line num="49" count="0" type="stmt"/>
        <line num="50" count="0" type="stmt"/>
        <line num="52" count="0" type="stmt"/>
        <line num="53" count="0" type="cond" truecount="0" falsecount="2"/>
        <line num="54" count="0" type="stmt"/>
        <line num="60" count="0" type="cond" truecount="0" falsecount="3"/>
        <line num="62" count="0" type="stmt"/>
        <line num="64" count="0" type="stmt"/>
        <line num="66" count="0" type="stmt"/>
        <line num="70" count="0" type="stmt"/>
      </file>
      <file name="userService.js" path="C:\Users\User_Admin\source\repos\hekacms\hekacms\AICMSChat\server\services\userService.js">
        <metrics statements="53" coveredstatements="0" conditionals="24" coveredconditionals="0" methods="8" coveredmethods="0"/>
        <line num="1" count="0" type="stmt"/>
        <line num="3" count="0" type="stmt"/>
        <line num="4" count="0" type="stmt"/>
        <line num="8" count="0" type="stmt"/>
        <line num="9" count="0" type="stmt"/>
        <line num="11" count="0" type="stmt"/>
        <line num="16" count="0" type="stmt"/>
        <line num="17" count="0" type="stmt"/>
        <line num="19" count="0" type="stmt"/>
        <line num="24" count="0" type="stmt"/>
        <line num="25" count="0" type="stmt"/>
        <line num="27" count="0" type="stmt"/>
        <line num="32" count="0" type="stmt"/>
        <line num="33" count="0" type="stmt"/>
        <line num="35" count="0" type="stmt"/>
        <line num="40" count="0" type="stmt"/>
        <line num="41" count="0" type="stmt"/>
        <line num="42" count="0" type="stmt"/>
        <line num="44" count="0" type="stmt"/>
        <line num="49" count="0" type="cond" truecount="0" falsecount="2"/>
        <line num="50" count="0" type="cond" truecount="0" falsecount="2"/>
        <line num="52" count="0" type="stmt"/>
        <line num="53" count="0" type="stmt"/>
        <line num="54" count="0" type="cond" truecount="0" falsecount="2"/>
        <line num="56" count="0" type="stmt"/>
        <line num="57" count="0" type="cond" truecount="0" falsecount="2"/>
        <line num="59" count="0" type="stmt"/>
        <line num="60" count="0" type="stmt"/>
        <line num="61" count="0" type="stmt"/>
        <line num="62" count="0" type="stmt"/>
        <line num="64" count="0" type="stmt"/>
        <line num="69" count="0" type="cond" truecount="0" falsecount="2"/>
        <line num="70" count="0" type="cond" truecount="0" falsecount="2"/>
        <line num="73" count="0" type="stmt"/>
        <line num="74" count="0" type="cond" truecount="0" falsecount="4"/>
        <line num="75" count="0" type="stmt"/>
        <line num="78" count="0" type="stmt"/>
        <line num="79" count="0" type="cond" truecount="0" falsecount="2"/>
        <line num="81" count="0" type="stmt"/>
        <line num="83" count="0" type="stmt"/>
        <line num="84" count="0" type="stmt"/>
        <line num="91" count="0" type="stmt"/>
        <line num="92" count="0" type="stmt"/>
        <line num="93" count="0" type="stmt"/>
        <line num="95" count="0" type="stmt"/>
        <line num="100" count="0" type="cond" truecount="0" falsecount="2"/>
        <line num="101" count="0" type="stmt"/>
        <line num="103" count="0" type="stmt"/>
        <line num="104" count="0" type="cond" truecount="0" falsecount="2"/>
        <line num="105" count="0" type="stmt"/>
        <line num="108" count="0" type="stmt"/>
        <line num="110" count="0" type="stmt"/>
        <line num="115" count="0" type="stmt"/>
      </file>
    </package>
    <package name="utils">
      <metrics statements="21" coveredstatements="11" conditionals="6" coveredconditionals="2" methods="5" coveredmethods="3"/>
      <file name="auth.js" path="C:\Users\User_Admin\source\repos\hekacms\hekacms\AICMSChat\server\utils\auth.js">
        <metrics statements="10" coveredstatements="0" conditionals="4" coveredconditionals="0" methods="2" coveredmethods="0"/>
        <line num="1" count="0" type="stmt"/>
        <line num="3" count="0" type="stmt"/>
        <line num="4" count="0" type="stmt"/>
        <line num="9" count="0" type="cond" truecount="0" falsecount="2"/>
        <line num="10" count="0" type="stmt"/>
        <line num="13" count="0" type="stmt"/>
        <line num="14" count="0" type="stmt"/>
        <line num="19" count="0" type="cond" truecount="0" falsecount="2"/>
        <line num="20" count="0" type="stmt"/>
        <line num="23" count="0" type="stmt"/>
      </file>
      <file name="password.js" path="C:\Users\User_Admin\source\repos\hekacms\hekacms\AICMSChat\server\utils\password.js">
        <metrics statements="11" coveredstatements="11" conditionals="2" coveredconditionals="2" methods="3" coveredmethods="3"/>
        <line num="1" count="1" type="stmt"/>
        <line num="4" count="1" type="stmt"/>
        <line num="16" count="1" type="stmt"/>
        <line num="17" count="20" type="stmt"/>
        <line num="26" count="1" type="stmt"/>
        <line num="27" count="25" type="stmt"/>
        <line num="28" count="25" type="stmt"/>
        <line num="30" count="2" type="stmt"/>
        <line num="37" count="1" type="stmt"/>
        <line num="38" count="14" type="cond" truecount="2" falsecount="0"/>
        <line num="41" count="1" type="stmt"/>
      </file>
    </package>
  </project>
</coverage>
