{"C:\\Users\\User_Admin\\source\\repos\\hekacms\\hekacms\\AICMSChat\\server\\routes\\adminRoutes.js": {"path":"C:\\Users\\User_Admin\\source\\repos\\hekacms\\hekacms\\AICMSChat\\server\\routes\\adminRoutes.js","statementMap":{"0":{"start":{"line":1,"column":16},"end":{"line":1,"column":34}},"1":{"start":{"line":2,"column":24},"end":{"line":2,"column":52}},"2":{"start":{"line":3,"column":24},"end":{"line":3,"column":52}},"3":{"start":{"line":5,"column":15},"end":{"line":5,"column":31}},"4":{"start":{"line":8,"column":0},"end":{"line":10,"column":3}},"5":{"start":{"line":9,"column":2},"end":{"line":9,"column":74}},"6":{"start":{"line":12,"column":0},"end":{"line":12,"column":24}}},"fnMap":{"0":{"name":"(anonymous_0)","decl":{"start":{"line":8,"column":55},"end":{"line":8,"column":56}},"loc":{"start":{"line":8,"column":69},"end":{"line":10,"column":1}},"line":8}},"branchMap":{},"s":{"0":0,"1":0,"2":0,"3":0,"4":0,"5":0,"6":0},"f":{"0":0},"b":{}}
,"C:\\Users\\User_Admin\\source\\repos\\hekacms\\hekacms\\AICMSChat\\server\\routes\\authRoutes.js": {"path":"C:\\Users\\User_Admin\\source\\repos\\hekacms\\hekacms\\AICMSChat\\server\\routes\\authRoutes.js","statementMap":{"0":{"start":{"line":1,"column":16},"end":{"line":1,"column":34}},"1":{"start":{"line":2,"column":20},"end":{"line":2,"column":57}},"2":{"start":{"line":3,"column":24},"end":{"line":3,"column":55}},"3":{"start":{"line":4,"column":13},"end":{"line":4,"column":41}},"4":{"start":{"line":5,"column":54},"end":{"line":5,"column":81}},"5":{"start":{"line":6,"column":12},"end":{"line":6,"column":35}},"6":{"start":{"line":8,"column":15},"end":{"line":8,"column":31}},"7":{"start":{"line":10,"column":0},"end":{"line":45,"column":3}},"8":{"start":{"line":11,"column":20},"end":{"line":11,"column":65}},"9":{"start":{"line":11,"column":27},"end":{"line":11,"column":65}},"10":{"start":{"line":12,"column":30},"end":{"line":12,"column":38}},"11":{"start":{"line":14,"column":2},"end":{"line":14,"column":51}},"12":{"start":{"line":16,"column":2},"end":{"line":19,"column":3}},"13":{"start":{"line":17,"column":4},"end":{"line":17,"column":59}},"14":{"start":{"line":18,"column":4},"end":{"line":18,"column":56}},"15":{"start":{"line":21,"column":2},"end":{"line":44,"column":3}},"16":{"start":{"line":22,"column":17},"end":{"line":22,"column":76}},"17":{"start":{"line":24,"column":4},"end":{"line":40,"column":5}},"18":{"start":{"line":25,"column":26},"end":{"line":25,"column":51}},"19":{"start":{"line":26,"column":27},"end":{"line":26,"column":53}},"20":{"start":{"line":28,"column":6},"end":{"line":28,"column":39}},"21":{"start":{"line":29,"column":6},"end":{"line":29,"column":24}},"22":{"start":{"line":31,"column":6},"end":{"line":31,"column":82}},"23":{"start":{"line":32,"column":6},"end":{"line":36,"column":9}},"24":{"start":{"line":38,"column":6},"end":{"line":38,"column":62}},"25":{"start":{"line":39,"column":6},"end":{"line":39,"column":57}},"26":{"start":{"line":42,"column":4},"end":{"line":42,"column":64}},"27":{"start":{"line":43,"column":4},"end":{"line":43,"column":37}},"28":{"start":{"line":47,"column":0},"end":{"line":69,"column":3}},"29":{"start":{"line":48,"column":2},"end":{"line":50,"column":3}},"30":{"start":{"line":49,"column":4},"end":{"line":49,"column":40}},"31":{"start":{"line":52,"column":36},"end":{"line":52,"column":44}},"32":{"start":{"line":54,"column":2},"end":{"line":68,"column":3}},"33":{"start":{"line":55,"column":4},"end":{"line":55,"column":79}},"34":{"start":{"line":57,"column":4},"end":{"line":60,"column":5}},"35":{"start":{"line":58,"column":6},"end":{"line":58,"column":68}},"36":{"start":{"line":59,"column":6},"end":{"line":59,"column":82}},"37":{"start":{"line":62,"column":17},"end":{"line":62,"column":68}},"38":{"start":{"line":63,"column":4},"end":{"line":63,"column":73}},"39":{"start":{"line":64,"column":4},"end":{"line":64,"column":38}},"40":{"start":{"line":66,"column":4},"end":{"line":66,"column":71}},"41":{"start":{"line":67,"column":4},"end":{"line":67,"column":60}},"42":{"start":{"line":71,"column":0},"end":{"line":87,"column":3}},"43":{"start":{"line":72,"column":20},"end":{"line":72,"column":28}},"44":{"start":{"line":74,"column":2},"end":{"line":86,"column":3}},"45":{"start":{"line":75,"column":17},"end":{"line":75,"column":46}},"46":{"start":{"line":76,"column":4},"end":{"line":80,"column":5}},"47":{"start":{"line":77,"column":6},"end":{"line":77,"column":31}},"48":{"start":{"line":78,"column":6},"end":{"line":78,"column":24}},"49":{"start":{"line":79,"column":6},"end":{"line":79,"column":59}},"50":{"start":{"line":82,"column":4},"end":{"line":82,"column":71}},"51":{"start":{"line":84,"column":4},"end":{"line":84,"column":65}},"52":{"start":{"line":85,"column":4},"end":{"line":85,"column":55}},"53":{"start":{"line":89,"column":0},"end":{"line":154,"column":3}},"54":{"start":{"line":90,"column":27},"end":{"line":90,"column":35}},"55":{"start":{"line":92,"column":2},"end":{"line":97,"column":3}},"56":{"start":{"line":93,"column":4},"end":{"line":96,"column":7}},"57":{"start":{"line":99,"column":2},"end":{"line":153,"column":3}},"58":{"start":{"line":101,"column":20},"end":{"line":101,"column":78}},"59":{"start":{"line":104,"column":17},"end":{"line":104,"column":51}},"60":{"start":{"line":106,"column":4},"end":{"line":111,"column":5}},"61":{"start":{"line":107,"column":6},"end":{"line":110,"column":9}},"62":{"start":{"line":113,"column":4},"end":{"line":118,"column":5}},"63":{"start":{"line":114,"column":6},"end":{"line":117,"column":9}},"64":{"start":{"line":121,"column":27},"end":{"line":121,"column":52}},"65":{"start":{"line":122,"column":28},"end":{"line":122,"column":54}},"66":{"start":{"line":125,"column":4},"end":{"line":125,"column":40}},"67":{"start":{"line":126,"column":4},"end":{"line":126,"column":22}},"68":{"start":{"line":128,"column":4},"end":{"line":128,"column":59}},"69":{"start":{"line":131,"column":4},"end":{"line":137,"column":7}},"70":{"start":{"line":140,"column":4},"end":{"line":140,"column":59}},"71":{"start":{"line":142,"column":4},"end":{"line":147,"column":5}},"72":{"start":{"line":143,"column":6},"end":{"line":146,"column":9}},"73":{"start":{"line":149,"column":4},"end":{"line":152,"column":7}},"74":{"start":{"line":156,"column":0},"end":{"line":164,"column":3}},"75":{"start":{"line":157,"column":2},"end":{"line":163,"column":3}},"76":{"start":{"line":158,"column":4},"end":{"line":158,"column":98}},"77":{"start":{"line":159,"column":4},"end":{"line":159,"column":42}},"78":{"start":{"line":161,"column":4},"end":{"line":161,"column":62}},"79":{"start":{"line":162,"column":4},"end":{"line":162,"column":79}},"80":{"start":{"line":166,"column":0},"end":{"line":166,"column":24}}},"fnMap":{"0":{"name":"(anonymous_0)","decl":{"start":{"line":10,"column":22},"end":{"line":10,"column":23}},"loc":{"start":{"line":10,"column":42},"end":{"line":45,"column":1}},"line":10},"1":{"name":"(anonymous_1)","decl":{"start":{"line":11,"column":20},"end":{"line":11,"column":21}},"loc":{"start":{"line":11,"column":27},"end":{"line":11,"column":65}},"line":11},"2":{"name":"(anonymous_2)","decl":{"start":{"line":47,"column":25},"end":{"line":47,"column":26}},"loc":{"start":{"line":47,"column":51},"end":{"line":69,"column":1}},"line":47},"3":{"name":"(anonymous_3)","decl":{"start":{"line":71,"column":23},"end":{"line":71,"column":24}},"loc":{"start":{"line":71,"column":43},"end":{"line":87,"column":1}},"line":71},"4":{"name":"(anonymous_4)","decl":{"start":{"line":89,"column":24},"end":{"line":89,"column":25}},"loc":{"start":{"line":89,"column":44},"end":{"line":154,"column":1}},"line":89},"5":{"name":"(anonymous_5)","decl":{"start":{"line":156,"column":31},"end":{"line":156,"column":32}},"loc":{"start":{"line":156,"column":51},"end":{"line":164,"column":1}},"line":156}},"branchMap":{"0":{"loc":{"start":{"line":16,"column":2},"end":{"line":19,"column":3}},"type":"if","locations":[{"start":{"line":16,"column":2},"end":{"line":19,"column":3}},{"start":{},"end":{}}],"line":16},"1":{"loc":{"start":{"line":16,"column":6},"end":{"line":16,"column":25}},"type":"binary-expr","locations":[{"start":{"line":16,"column":6},"end":{"line":16,"column":12}},{"start":{"line":16,"column":16},"end":{"line":16,"column":25}}],"line":16},"2":{"loc":{"start":{"line":24,"column":4},"end":{"line":40,"column":5}},"type":"if","locations":[{"start":{"line":24,"column":4},"end":{"line":40,"column":5}},{"start":{"line":37,"column":11},"end":{"line":40,"column":5}}],"line":24},"3":{"loc":{"start":{"line":48,"column":2},"end":{"line":50,"column":3}},"type":"if","locations":[{"start":{"line":48,"column":2},"end":{"line":50,"column":3}},{"start":{},"end":{}}],"line":48},"4":{"loc":{"start":{"line":57,"column":4},"end":{"line":60,"column":5}},"type":"if","locations":[{"start":{"line":57,"column":4},"end":{"line":60,"column":5}},{"start":{},"end":{}}],"line":57},"5":{"loc":{"start":{"line":57,"column":8},"end":{"line":57,"column":27}},"type":"binary-expr","locations":[{"start":{"line":57,"column":8},"end":{"line":57,"column":14}},{"start":{"line":57,"column":18},"end":{"line":57,"column":27}}],"line":57},"6":{"loc":{"start":{"line":76,"column":4},"end":{"line":80,"column":5}},"type":"if","locations":[{"start":{"line":76,"column":4},"end":{"line":80,"column":5}},{"start":{},"end":{}}],"line":76},"7":{"loc":{"start":{"line":92,"column":2},"end":{"line":97,"column":3}},"type":"if","locations":[{"start":{"line":92,"column":2},"end":{"line":97,"column":3}},{"start":{},"end":{}}],"line":92},"8":{"loc":{"start":{"line":106,"column":4},"end":{"line":111,"column":5}},"type":"if","locations":[{"start":{"line":106,"column":4},"end":{"line":111,"column":5}},{"start":{},"end":{}}],"line":106},"9":{"loc":{"start":{"line":113,"column":4},"end":{"line":118,"column":5}},"type":"if","locations":[{"start":{"line":113,"column":4},"end":{"line":118,"column":5}},{"start":{},"end":{}}],"line":113},"10":{"loc":{"start":{"line":142,"column":4},"end":{"line":147,"column":5}},"type":"if","locations":[{"start":{"line":142,"column":4},"end":{"line":147,"column":5}},{"start":{},"end":{}}],"line":142}},"s":{"0":0,"1":0,"2":0,"3":0,"4":0,"5":0,"6":0,"7":0,"8":0,"9":0,"10":0,"11":0,"12":0,"13":0,"14":0,"15":0,"16":0,"17":0,"18":0,"19":0,"20":0,"21":0,"22":0,"23":0,"24":0,"25":0,"26":0,"27":0,"28":0,"29":0,"30":0,"31":0,"32":0,"33":0,"34":0,"35":0,"36":0,"37":0,"38":0,"39":0,"40":0,"41":0,"42":0,"43":0,"44":0,"45":0,"46":0,"47":0,"48":0,"49":0,"50":0,"51":0,"52":0,"53":0,"54":0,"55":0,"56":0,"57":0,"58":0,"59":0,"60":0,"61":0,"62":0,"63":0,"64":0,"65":0,"66":0,"67":0,"68":0,"69":0,"70":0,"71":0,"72":0,"73":0,"74":0,"75":0,"76":0,"77":0,"78":0,"79":0,"80":0},"f":{"0":0,"1":0,"2":0,"3":0,"4":0,"5":0},"b":{"0":[0,0],"1":[0,0],"2":[0,0],"3":[0,0],"4":[0,0],"5":[0,0],"6":[0,0],"7":[0,0],"8":[0,0],"9":[0,0],"10":[0,0]}}
,"C:\\Users\\User_Admin\\source\\repos\\hekacms\\hekacms\\AICMSChat\\server\\routes\\index.js": {"path":"C:\\Users\\User_Admin\\source\\repos\\hekacms\\hekacms\\AICMSChat\\server\\routes\\index.js","statementMap":{"0":{"start":{"line":1,"column":16},"end":{"line":1,"column":34}},"1":{"start":{"line":2,"column":15},"end":{"line":2,"column":31}},"2":{"start":{"line":5,"column":0},"end":{"line":7,"column":3}},"3":{"start":{"line":6,"column":2},"end":{"line":6,"column":51}},"4":{"start":{"line":9,"column":0},"end":{"line":11,"column":3}},"5":{"start":{"line":10,"column":2},"end":{"line":10,"column":31}},"6":{"start":{"line":13,"column":0},"end":{"line":13,"column":24}}},"fnMap":{"0":{"name":"(anonymous_0)","decl":{"start":{"line":5,"column":16},"end":{"line":5,"column":17}},"loc":{"start":{"line":5,"column":30},"end":{"line":7,"column":1}},"line":5},"1":{"name":"(anonymous_1)","decl":{"start":{"line":9,"column":20},"end":{"line":9,"column":21}},"loc":{"start":{"line":9,"column":34},"end":{"line":11,"column":1}},"line":9}},"branchMap":{},"s":{"0":0,"1":0,"2":0,"3":0,"4":0,"5":0,"6":0},"f":{"0":0,"1":0},"b":{}}
,"C:\\Users\\User_Admin\\source\\repos\\hekacms\\hekacms\\AICMSChat\\server\\routes\\middleware\\auth.js": {"path":"C:\\Users\\User_Admin\\source\\repos\\hekacms\\hekacms\\AICMSChat\\server\\routes\\middleware\\auth.js","statementMap":{"0":{"start":{"line":1,"column":20},"end":{"line":1,"column":60}},"1":{"start":{"line":2,"column":12},"end":{"line":2,"column":35}},"2":{"start":{"line":4,"column":20},"end":{"line":20,"column":1}},"3":{"start":{"line":5,"column":16},"end":{"line":5,"column":56}},"4":{"start":{"line":6,"column":2},"end":{"line":6,"column":71}},"5":{"start":{"line":6,"column":14},"end":{"line":6,"column":71}},"6":{"start":{"line":8,"column":2},"end":{"line":19,"column":3}},"7":{"start":{"line":9,"column":20},"end":{"line":9,"column":61}},"8":{"start":{"line":10,"column":17},"end":{"line":10,"column":51}},"9":{"start":{"line":11,"column":4},"end":{"line":13,"column":5}},"10":{"start":{"line":12,"column":6},"end":{"line":12,"column":63}},"11":{"start":{"line":14,"column":4},"end":{"line":14,"column":20}},"12":{"start":{"line":16,"column":4},"end":{"line":16,"column":11}},"13":{"start":{"line":18,"column":4},"end":{"line":18,"column":71}},"14":{"start":{"line":22,"column":0},"end":{"line":24,"column":2}}},"fnMap":{"0":{"name":"(anonymous_0)","decl":{"start":{"line":4,"column":20},"end":{"line":4,"column":21}},"loc":{"start":{"line":4,"column":46},"end":{"line":20,"column":1}},"line":4}},"branchMap":{"0":{"loc":{"start":{"line":6,"column":2},"end":{"line":6,"column":71}},"type":"if","locations":[{"start":{"line":6,"column":2},"end":{"line":6,"column":71}},{"start":{},"end":{}}],"line":6},"1":{"loc":{"start":{"line":11,"column":4},"end":{"line":13,"column":5}},"type":"if","locations":[{"start":{"line":11,"column":4},"end":{"line":13,"column":5}},{"start":{},"end":{}}],"line":11}},"s":{"0":0,"1":0,"2":0,"3":0,"4":0,"5":0,"6":0,"7":0,"8":0,"9":0,"10":0,"11":0,"12":0,"13":0,"14":0},"f":{"0":0},"b":{"0":[0,0],"1":[0,0]}}
,"C:\\Users\\User_Admin\\source\\repos\\hekacms\\hekacms\\AICMSChat\\server\\routes\\middleware\\role.js": {"path":"C:\\Users\\User_Admin\\source\\repos\\hekacms\\hekacms\\AICMSChat\\server\\routes\\middleware\\role.js","statementMap":{"0":{"start":{"line":1,"column":20},"end":{"line":10,"column":1}},"1":{"start":{"line":1,"column":41},"end":{"line":10,"column":1}},"2":{"start":{"line":2,"column":2},"end":{"line":4,"column":3}},"3":{"start":{"line":3,"column":4},"end":{"line":3,"column":61}},"4":{"start":{"line":6,"column":2},"end":{"line":8,"column":3}},"5":{"start":{"line":7,"column":4},"end":{"line":7,"column":58}},"6":{"start":{"line":9,"column":2},"end":{"line":9,"column":9}},"7":{"start":{"line":12,"column":0},"end":{"line":12,"column":33}}},"fnMap":{"0":{"name":"(anonymous_0)","decl":{"start":{"line":1,"column":20},"end":{"line":1,"column":21}},"loc":{"start":{"line":1,"column":41},"end":{"line":10,"column":1}},"line":1},"1":{"name":"(anonymous_1)","decl":{"start":{"line":1,"column":41},"end":{"line":1,"column":42}},"loc":{"start":{"line":1,"column":61},"end":{"line":10,"column":1}},"line":1}},"branchMap":{"0":{"loc":{"start":{"line":2,"column":2},"end":{"line":4,"column":3}},"type":"if","locations":[{"start":{"line":2,"column":2},"end":{"line":4,"column":3}},{"start":{},"end":{}}],"line":2},"1":{"loc":{"start":{"line":6,"column":2},"end":{"line":8,"column":3}},"type":"if","locations":[{"start":{"line":6,"column":2},"end":{"line":8,"column":3}},{"start":{},"end":{}}],"line":6}},"s":{"0":0,"1":0,"2":0,"3":0,"4":0,"5":0,"6":0,"7":0},"f":{"0":0,"1":0},"b":{"0":[0,0],"1":[0,0]}}
,"C:\\Users\\User_Admin\\source\\repos\\hekacms\\hekacms\\AICMSChat\\server\\services\\llmService.js": {"path":"C:\\Users\\User_Admin\\source\\repos\\hekacms\\hekacms\\AICMSChat\\server\\services\\llmService.js","statementMap":{"0":{"start":{"line":1,"column":14},"end":{"line":1,"column":30}},"1":{"start":{"line":2,"column":15},"end":{"line":2,"column":32}},"2":{"start":{"line":3,"column":18},"end":{"line":3,"column":46}},"3":{"start":{"line":4,"column":15},"end":{"line":4,"column":32}},"4":{"start":{"line":6,"column":0},"end":{"line":6,"column":16}},"5":{"start":{"line":8,"column":15},"end":{"line":10,"column":2}},"6":{"start":{"line":12,"column":18},"end":{"line":14,"column":2}},"7":{"start":{"line":16,"column":20},"end":{"line":16,"column":21}},"8":{"start":{"line":17,"column":20},"end":{"line":17,"column":24}},"9":{"start":{"line":20,"column":2},"end":{"line":20,"column":57}},"10":{"start":{"line":20,"column":32},"end":{"line":20,"column":55}},"11":{"start":{"line":24,"column":2},"end":{"line":37,"column":3}},"12":{"start":{"line":24,"column":15},"end":{"line":24,"column":16}},"13":{"start":{"line":25,"column":4},"end":{"line":36,"column":5}},"14":{"start":{"line":26,"column":23},"end":{"line":30,"column":8}},"15":{"start":{"line":31,"column":6},"end":{"line":31,"column":49}},"16":{"start":{"line":33,"column":6},"end":{"line":33,"column":103}},"17":{"start":{"line":34,"column":6},"end":{"line":34,"column":45}},"18":{"start":{"line":34,"column":33},"end":{"line":34,"column":45}},"19":{"start":{"line":35,"column":6},"end":{"line":35,"column":31}},"20":{"start":{"line":41,"column":2},"end":{"line":56,"column":3}},"21":{"start":{"line":41,"column":15},"end":{"line":41,"column":16}},"22":{"start":{"line":42,"column":4},"end":{"line":55,"column":5}},"23":{"start":{"line":43,"column":6},"end":{"line":43,"column":95}},"24":{"start":{"line":44,"column":23},"end":{"line":48,"column":8}},"25":{"start":{"line":49,"column":6},"end":{"line":49,"column":91}},"26":{"start":{"line":50,"column":6},"end":{"line":50,"column":38}},"27":{"start":{"line":52,"column":6},"end":{"line":52,"column":106}},"28":{"start":{"line":53,"column":6},"end":{"line":53,"column":45}},"29":{"start":{"line":53,"column":33},"end":{"line":53,"column":45}},"30":{"start":{"line":54,"column":6},"end":{"line":54,"column":31}},"31":{"start":{"line":60,"column":2},"end":{"line":67,"column":3}},"32":{"start":{"line":62,"column":6},"end":{"line":62,"column":49}},"33":{"start":{"line":64,"column":6},"end":{"line":64,"column":52}},"34":{"start":{"line":66,"column":6},"end":{"line":66,"column":63}},"35":{"start":{"line":70,"column":0},"end":{"line":72,"column":2}}},"fnMap":{"0":{"name":"sleep","decl":{"start":{"line":19,"column":15},"end":{"line":19,"column":20}},"loc":{"start":{"line":19,"column":25},"end":{"line":21,"column":1}},"line":19},"1":{"name":"(anonymous_1)","decl":{"start":{"line":20,"column":21},"end":{"line":20,"column":22}},"loc":{"start":{"line":20,"column":32},"end":{"line":20,"column":55}},"line":20},"2":{"name":"sendRequestToOpenAI","decl":{"start":{"line":23,"column":15},"end":{"line":23,"column":34}},"loc":{"start":{"line":23,"column":51},"end":{"line":38,"column":1}},"line":23},"3":{"name":"sendRequestToAnthropic","decl":{"start":{"line":40,"column":15},"end":{"line":40,"column":37}},"loc":{"start":{"line":40,"column":54},"end":{"line":57,"column":1}},"line":40},"4":{"name":"sendLLMRequest","decl":{"start":{"line":59,"column":15},"end":{"line":59,"column":29}},"loc":{"start":{"line":59,"column":56},"end":{"line":68,"column":1}},"line":59}},"branchMap":{"0":{"loc":{"start":{"line":34,"column":6},"end":{"line":34,"column":45}},"type":"if","locations":[{"start":{"line":34,"column":6},"end":{"line":34,"column":45}},{"start":{},"end":{}}],"line":34},"1":{"loc":{"start":{"line":53,"column":6},"end":{"line":53,"column":45}},"type":"if","locations":[{"start":{"line":53,"column":6},"end":{"line":53,"column":45}},{"start":{},"end":{}}],"line":53},"2":{"loc":{"start":{"line":60,"column":2},"end":{"line":67,"column":3}},"type":"switch","locations":[{"start":{"line":61,"column":4},"end":{"line":62,"column":49}},{"start":{"line":63,"column":4},"end":{"line":64,"column":52}},{"start":{"line":65,"column":4},"end":{"line":66,"column":63}}],"line":60}},"s":{"0":0,"1":0,"2":0,"3":0,"4":0,"5":0,"6":0,"7":0,"8":0,"9":0,"10":0,"11":0,"12":0,"13":0,"14":0,"15":0,"16":0,"17":0,"18":0,"19":0,"20":0,"21":0,"22":0,"23":0,"24":0,"25":0,"26":0,"27":0,"28":0,"29":0,"30":0,"31":0,"32":0,"33":0,"34":0,"35":0},"f":{"0":0,"1":0,"2":0,"3":0,"4":0},"b":{"0":[0,0],"1":[0,0],"2":[0,0,0]}}
,"C:\\Users\\User_Admin\\source\\repos\\hekacms\\hekacms\\AICMSChat\\server\\services\\userService.js": {"path":"C:\\Users\\User_Admin\\source\\repos\\hekacms\\hekacms\\AICMSChat\\server\\services\\userService.js","statementMap":{"0":{"start":{"line":1,"column":23},"end":{"line":1,"column":40}},"1":{"start":{"line":3,"column":13},"end":{"line":3,"column":41}},"2":{"start":{"line":4,"column":51},"end":{"line":4,"column":82}},"3":{"start":{"line":8,"column":4},"end":{"line":12,"column":5}},"4":{"start":{"line":9,"column":6},"end":{"line":9,"column":25}},"5":{"start":{"line":11,"column":6},"end":{"line":11,"column":68}},"6":{"start":{"line":16,"column":4},"end":{"line":20,"column":5}},"7":{"start":{"line":17,"column":6},"end":{"line":17,"column":46}},"8":{"start":{"line":19,"column":6},"end":{"line":19,"column":83}},"9":{"start":{"line":24,"column":4},"end":{"line":28,"column":5}},"10":{"start":{"line":25,"column":6},"end":{"line":25,"column":44}},"11":{"start":{"line":27,"column":6},"end":{"line":27,"column":86}},"12":{"start":{"line":32,"column":4},"end":{"line":36,"column":5}},"13":{"start":{"line":33,"column":6},"end":{"line":33,"column":84}},"14":{"start":{"line":35,"column":6},"end":{"line":35,"column":74}},"15":{"start":{"line":40,"column":4},"end":{"line":45,"column":5}},"16":{"start":{"line":41,"column":21},"end":{"line":41,"column":61}},"17":{"start":{"line":42,"column":6},"end":{"line":42,"column":41}},"18":{"start":{"line":44,"column":6},"end":{"line":44,"column":74}},"19":{"start":{"line":49,"column":4},"end":{"line":49,"column":53}},"20":{"start":{"line":49,"column":16},"end":{"line":49,"column":53}},"21":{"start":{"line":50,"column":4},"end":{"line":50,"column":59}},"22":{"start":{"line":50,"column":19},"end":{"line":50,"column":59}},"23":{"start":{"line":52,"column":4},"end":{"line":65,"column":5}},"24":{"start":{"line":53,"column":19},"end":{"line":53,"column":53}},"25":{"start":{"line":54,"column":6},"end":{"line":54,"column":29}},"26":{"start":{"line":54,"column":17},"end":{"line":54,"column":29}},"27":{"start":{"line":56,"column":28},"end":{"line":56,"column":75}},"28":{"start":{"line":57,"column":6},"end":{"line":57,"column":38}},"29":{"start":{"line":57,"column":26},"end":{"line":57,"column":38}},"30":{"start":{"line":59,"column":6},"end":{"line":59,"column":36}},"31":{"start":{"line":60,"column":26},"end":{"line":60,"column":43}},"32":{"start":{"line":61,"column":6},"end":{"line":61,"column":93}},"33":{"start":{"line":62,"column":6},"end":{"line":62,"column":25}},"34":{"start":{"line":64,"column":6},"end":{"line":64,"column":97}},"35":{"start":{"line":69,"column":4},"end":{"line":69,"column":53}},"36":{"start":{"line":69,"column":16},"end":{"line":69,"column":53}},"37":{"start":{"line":70,"column":4},"end":{"line":70,"column":59}},"38":{"start":{"line":70,"column":19},"end":{"line":70,"column":59}},"39":{"start":{"line":73,"column":23},"end":{"line":73,"column":51}},"40":{"start":{"line":74,"column":4},"end":{"line":76,"column":5}},"41":{"start":{"line":75,"column":6},"end":{"line":75,"column":80}},"42":{"start":{"line":78,"column":25},"end":{"line":78,"column":60}},"43":{"start":{"line":79,"column":4},"end":{"line":79,"column":77}},"44":{"start":{"line":79,"column":22},"end":{"line":79,"column":77}},"45":{"start":{"line":81,"column":17},"end":{"line":81,"column":53}},"46":{"start":{"line":83,"column":4},"end":{"line":96,"column":5}},"47":{"start":{"line":84,"column":19},"end":{"line":89,"column":8}},"48":{"start":{"line":91,"column":6},"end":{"line":91,"column":24}},"49":{"start":{"line":92,"column":6},"end":{"line":92,"column":76}},"50":{"start":{"line":93,"column":6},"end":{"line":93,"column":18}},"51":{"start":{"line":95,"column":6},"end":{"line":95,"column":72}},"52":{"start":{"line":100,"column":4},"end":{"line":100,"column":59}},"53":{"start":{"line":100,"column":19},"end":{"line":100,"column":59}},"54":{"start":{"line":101,"column":4},"end":{"line":101,"column":57}},"55":{"start":{"line":103,"column":4},"end":{"line":111,"column":5}},"56":{"start":{"line":104,"column":6},"end":{"line":106,"column":7}},"57":{"start":{"line":105,"column":8},"end":{"line":105,"column":26}},"58":{"start":{"line":108,"column":6},"end":{"line":108,"column":18}},"59":{"start":{"line":110,"column":6},"end":{"line":110,"column":76}},"60":{"start":{"line":115,"column":0},"end":{"line":115,"column":29}}},"fnMap":{"0":{"name":"(anonymous_0)","decl":{"start":{"line":7,"column":2},"end":{"line":7,"column":3}},"loc":{"start":{"line":7,"column":22},"end":{"line":13,"column":3}},"line":7},"1":{"name":"(anonymous_1)","decl":{"start":{"line":15,"column":2},"end":{"line":15,"column":3}},"loc":{"start":{"line":15,"column":23},"end":{"line":21,"column":3}},"line":15},"2":{"name":"(anonymous_2)","decl":{"start":{"line":23,"column":2},"end":{"line":23,"column":3}},"loc":{"start":{"line":23,"column":33},"end":{"line":29,"column":3}},"line":23},"3":{"name":"(anonymous_3)","decl":{"start":{"line":31,"column":2},"end":{"line":31,"column":3}},"loc":{"start":{"line":31,"column":32},"end":{"line":37,"column":3}},"line":31},"4":{"name":"(anonymous_4)","decl":{"start":{"line":39,"column":2},"end":{"line":39,"column":3}},"loc":{"start":{"line":39,"column":26},"end":{"line":46,"column":3}},"line":39},"5":{"name":"(anonymous_5)","decl":{"start":{"line":48,"column":2},"end":{"line":48,"column":3}},"loc":{"start":{"line":48,"column":57},"end":{"line":66,"column":3}},"line":48},"6":{"name":"(anonymous_6)","decl":{"start":{"line":68,"column":2},"end":{"line":68,"column":3}},"loc":{"start":{"line":68,"column":80},"end":{"line":97,"column":3}},"line":68},"7":{"name":"(anonymous_7)","decl":{"start":{"line":99,"column":2},"end":{"line":99,"column":3}},"loc":{"start":{"line":99,"column":43},"end":{"line":112,"column":3}},"line":99}},"branchMap":{"0":{"loc":{"start":{"line":49,"column":4},"end":{"line":49,"column":53}},"type":"if","locations":[{"start":{"line":49,"column":4},"end":{"line":49,"column":53}},{"start":{},"end":{}}],"line":49},"1":{"loc":{"start":{"line":50,"column":4},"end":{"line":50,"column":59}},"type":"if","locations":[{"start":{"line":50,"column":4},"end":{"line":50,"column":59}},{"start":{},"end":{}}],"line":50},"2":{"loc":{"start":{"line":54,"column":6},"end":{"line":54,"column":29}},"type":"if","locations":[{"start":{"line":54,"column":6},"end":{"line":54,"column":29}},{"start":{},"end":{}}],"line":54},"3":{"loc":{"start":{"line":57,"column":6},"end":{"line":57,"column":38}},"type":"if","locations":[{"start":{"line":57,"column":6},"end":{"line":57,"column":38}},{"start":{},"end":{}}],"line":57},"4":{"loc":{"start":{"line":68,"column":41},"end":{"line":68,"column":65}},"type":"default-arg","locations":[{"start":{"line":68,"column":48},"end":{"line":68,"column":65}}],"line":68},"5":{"loc":{"start":{"line":68,"column":67},"end":{"line":68,"column":76}},"type":"default-arg","locations":[{"start":{"line":68,"column":74},"end":{"line":68,"column":76}}],"line":68},"6":{"loc":{"start":{"line":69,"column":4},"end":{"line":69,"column":53}},"type":"if","locations":[{"start":{"line":69,"column":4},"end":{"line":69,"column":53}},{"start":{},"end":{}}],"line":69},"7":{"loc":{"start":{"line":70,"column":4},"end":{"line":70,"column":59}},"type":"if","locations":[{"start":{"line":70,"column":4},"end":{"line":70,"column":59}},{"start":{},"end":{}}],"line":70},"8":{"loc":{"start":{"line":74,"column":4},"end":{"line":76,"column":5}},"type":"if","locations":[{"start":{"line":74,"column":4},"end":{"line":76,"column":5}},{"start":{},"end":{}}],"line":74},"9":{"loc":{"start":{"line":74,"column":8},"end":{"line":74,"column":42}},"type":"binary-expr","locations":[{"start":{"line":74,"column":8},"end":{"line":74,"column":12}},{"start":{"line":74,"column":16},"end":{"line":74,"column":42}}],"line":74},"10":{"loc":{"start":{"line":79,"column":4},"end":{"line":79,"column":77}},"type":"if","locations":[{"start":{"line":79,"column":4},"end":{"line":79,"column":77}},{"start":{},"end":{}}],"line":79},"11":{"loc":{"start":{"line":100,"column":4},"end":{"line":100,"column":59}},"type":"if","locations":[{"start":{"line":100,"column":4},"end":{"line":100,"column":59}},{"start":{},"end":{}}],"line":100},"12":{"loc":{"start":{"line":104,"column":6},"end":{"line":106,"column":7}},"type":"if","locations":[{"start":{"line":104,"column":6},"end":{"line":106,"column":7}},{"start":{},"end":{}}],"line":104}},"s":{"0":0,"1":0,"2":0,"3":0,"4":0,"5":0,"6":0,"7":0,"8":0,"9":0,"10":0,"11":0,"12":0,"13":0,"14":0,"15":0,"16":0,"17":0,"18":0,"19":0,"20":0,"21":0,"22":0,"23":0,"24":0,"25":0,"26":0,"27":0,"28":0,"29":0,"30":0,"31":0,"32":0,"33":0,"34":0,"35":0,"36":0,"37":0,"38":0,"39":0,"40":0,"41":0,"42":0,"43":0,"44":0,"45":0,"46":0,"47":0,"48":0,"49":0,"50":0,"51":0,"52":0,"53":0,"54":0,"55":0,"56":0,"57":0,"58":0,"59":0,"60":0},"f":{"0":0,"1":0,"2":0,"3":0,"4":0,"5":0,"6":0,"7":0},"b":{"0":[0,0],"1":[0,0],"2":[0,0],"3":[0,0],"4":[0],"5":[0],"6":[0,0],"7":[0,0],"8":[0,0],"9":[0,0],"10":[0,0],"11":[0,0],"12":[0,0]}}
,"C:\\Users\\User_Admin\\source\\repos\\hekacms\\hekacms\\AICMSChat\\server\\utils\\auth.js": {"path":"C:\\Users\\User_Admin\\source\\repos\\hekacms\\hekacms\\AICMSChat\\server\\utils\\auth.js","statementMap":{"0":{"start":{"line":1,"column":12},"end":{"line":1,"column":35}},"1":{"start":{"line":3,"column":28},"end":{"line":11,"column":1}},"2":{"start":{"line":4,"column":18},"end":{"line":8,"column":3}},"3":{"start":{"line":9,"column":17},"end":{"line":9,"column":70}},"4":{"start":{"line":10,"column":2},"end":{"line":10,"column":57}},"5":{"start":{"line":13,"column":29},"end":{"line":21,"column":1}},"6":{"start":{"line":14,"column":18},"end":{"line":18,"column":3}},"7":{"start":{"line":19,"column":17},"end":{"line":19,"column":84}},"8":{"start":{"line":20,"column":2},"end":{"line":20,"column":56}},"9":{"start":{"line":23,"column":0},"end":{"line":26,"column":2}}},"fnMap":{"0":{"name":"(anonymous_0)","decl":{"start":{"line":3,"column":28},"end":{"line":3,"column":29}},"loc":{"start":{"line":3,"column":38},"end":{"line":11,"column":1}},"line":3},"1":{"name":"(anonymous_1)","decl":{"start":{"line":13,"column":29},"end":{"line":13,"column":30}},"loc":{"start":{"line":13,"column":39},"end":{"line":21,"column":1}},"line":13}},"branchMap":{"0":{"loc":{"start":{"line":9,"column":17},"end":{"line":9,"column":70}},"type":"binary-expr","locations":[{"start":{"line":9,"column":17},"end":{"line":9,"column":39}},{"start":{"line":9,"column":43},"end":{"line":9,"column":70}}],"line":9},"1":{"loc":{"start":{"line":19,"column":17},"end":{"line":19,"column":84}},"type":"binary-expr","locations":[{"start":{"line":19,"column":17},"end":{"line":19,"column":49}},{"start":{"line":19,"column":53},"end":{"line":19,"column":84}}],"line":19}},"s":{"0":0,"1":0,"2":0,"3":0,"4":0,"5":0,"6":0,"7":0,"8":0,"9":0},"f":{"0":0,"1":0},"b":{"0":[0,0],"1":[0,0]}}
,"C:\\Users\\User_Admin\\source\\repos\\hekacms\\hekacms\\AICMSChat\\server\\utils\\password.js": {"path":"C:\\Users\\User_Admin\\source\\repos\\hekacms\\hekacms\\AICMSChat\\server\\utils\\password.js","statementMap":{"0":{"start":{"line":1,"column":15},"end":{"line":1,"column":32}},"1":{"start":{"line":4,"column":19},"end":{"line":9,"column":1}},"2":{"start":{"line":16,"column":29},"end":{"line":18,"column":1}},"3":{"start":{"line":17,"column":2},"end":{"line":17,"column":43}},"4":{"start":{"line":26,"column":25},"end":{"line":32,"column":1}},"5":{"start":{"line":27,"column":2},"end":{"line":31,"column":3}},"6":{"start":{"line":28,"column":4},"end":{"line":28,"column":47}},"7":{"start":{"line":30,"column":4},"end":{"line":30,"column":17}},"8":{"start":{"line":37,"column":23},"end":{"line":39,"column":1}},"9":{"start":{"line":38,"column":2},"end":{"line":38,"column":64}},"10":{"start":{"line":41,"column":0},"end":{"line":45,"column":2}}},"fnMap":{"0":{"name":"(anonymous_0)","decl":{"start":{"line":16,"column":29},"end":{"line":16,"column":30}},"loc":{"start":{"line":16,"column":49},"end":{"line":18,"column":1}},"line":16},"1":{"name":"(anonymous_1)","decl":{"start":{"line":26,"column":25},"end":{"line":26,"column":26}},"loc":{"start":{"line":26,"column":51},"end":{"line":32,"column":1}},"line":26},"2":{"name":"(anonymous_2)","decl":{"start":{"line":37,"column":23},"end":{"line":37,"column":24}},"loc":{"start":{"line":37,"column":33},"end":{"line":39,"column":1}},"line":37}},"branchMap":{"0":{"loc":{"start":{"line":38,"column":9},"end":{"line":38,"column":63}},"type":"binary-expr","locations":[{"start":{"line":38,"column":9},"end":{"line":38,"column":33}},{"start":{"line":38,"column":37},"end":{"line":38,"column":63}}],"line":38}},"s":{"0":1,"1":1,"2":1,"3":20,"4":1,"5":25,"6":25,"7":2,"8":1,"9":14,"10":1},"f":{"0":20,"1":25,"2":14},"b":{"0":[14,9]},"_coverageSchema":"1a1c01bbd47fc00a2c39e90264f33305004495a9","hash":"beb25d57508ed889cdadee252db14d056d08f12c"}
}
